{
  "uid" : "81e2c4f3a92bf21c",
  "name" : "test_case_3[--]",
  "fullName" : "testcase.test_personalsave.Test_PersonalSave#test_case_3",
  "historyId" : "4a8546d82a83c463a15b72a3db6cc17f",
  "time" : {
    "start" : 1616461748198,
    "stop" : 1616461748344,
    "duration" : 146
  },
  "status" : "failed",
  "statusMessage" : "AssertionError: assert '昵称 2~16 个字符之间' == '编辑成功'\n  - 编辑成功\n  + 昵称 2~16 个字符之间",
  "statusTrace" : "self = <test_personalsave.Test_PersonalSave object at 0x7fdc0aa7da00>, nickname = '', gender = '', birthday = ''\n\n    @pytest.mark.parametrize('nickname,gender,birthday', [('', '', '')])\n    def test_case_3(self, nickname, gender, birthday):\n        data = {\n            'nickname': nickname,\n            'gender': gender,\n            'birthday': birthday\n        }\n        res = self.perobj.persave(data)\n        print(res)\n>       assert res['msg'] == '编辑成功'\nE       AssertionError: assert '昵称 2~16 个字符之间' == '编辑成功'\nE         - 编辑成功\nE         + 昵称 2~16 个字符之间\n\ntestcase/test_personalsave.py:43: AssertionError",
  "flaky" : false,
  "newFailed" : false,
  "beforeStages" : [ {
    "name" : "_Class__pytest_setup_class",
    "time" : {
      "start" : 1616461747864,
      "stop" : 1616461747864,
      "duration" : 0
    },
    "status" : "passed",
    "steps" : [ ],
    "attachments" : [ ],
    "parameters" : [ ],
    "stepsCount" : 0,
    "attachmentsCount" : 0,
    "shouldDisplayMessage" : false,
    "hasContent" : false
  } ],
  "testStage" : {
    "status" : "failed",
    "statusMessage" : "AssertionError: assert '昵称 2~16 个字符之间' == '编辑成功'\n  - 编辑成功\n  + 昵称 2~16 个字符之间",
    "statusTrace" : "self = <test_personalsave.Test_PersonalSave object at 0x7fdc0aa7da00>, nickname = '', gender = '', birthday = ''\n\n    @pytest.mark.parametrize('nickname,gender,birthday', [('', '', '')])\n    def test_case_3(self, nickname, gender, birthday):\n        data = {\n            'nickname': nickname,\n            'gender': gender,\n            'birthday': birthday\n        }\n        res = self.perobj.persave(data)\n        print(res)\n>       assert res['msg'] == '编辑成功'\nE       AssertionError: assert '昵称 2~16 个字符之间' == '编辑成功'\nE         - 编辑成功\nE         + 昵称 2~16 个字符之间\n\ntestcase/test_personalsave.py:43: AssertionError",
    "steps" : [ ],
    "attachments" : [ {
      "uid" : "bc75ff237857f452",
      "name" : "stdout",
      "source" : "bc75ff237857f452.txt",
      "type" : "text/plain",
      "size" : 63
    } ],
    "parameters" : [ ],
    "stepsCount" : 0,
    "attachmentsCount" : 1,
    "shouldDisplayMessage" : true,
    "hasContent" : true
  },
  "afterStages" : [ {
    "name" : "_Class__pytest_setup_class::0",
    "time" : {
      "start" : 1616461748354,
      "stop" : 1616461748354,
      "duration" : 0
    },
    "status" : "passed",
    "steps" : [ ],
    "attachments" : [ ],
    "parameters" : [ ],
    "stepsCount" : 0,
    "attachmentsCount" : 0,
    "shouldDisplayMessage" : false,
    "hasContent" : false
  } ],
  "labels" : [ {
    "name" : "parentSuite",
    "value" : "testcase"
  }, {
    "name" : "suite",
    "value" : "test_personalsave"
  }, {
    "name" : "subSuite",
    "value" : "Test_PersonalSave"
  }, {
    "name" : "host",
    "value" : "chenjinfeideMacBook-Air.local"
  }, {
    "name" : "thread",
    "value" : "966-MainThread"
  }, {
    "name" : "framework",
    "value" : "pytest"
  }, {
    "name" : "language",
    "value" : "cpython3"
  }, {
    "name" : "package",
    "value" : "testcase.test_personalsave"
  }, {
    "name" : "resultFormat",
    "value" : "allure2"
  } ],
  "parameters" : [ {
    "name" : "birthday",
    "value" : "''"
  }, {
    "name" : "gender",
    "value" : "''"
  }, {
    "name" : "nickname",
    "value" : "''"
  } ],
  "links" : [ ],
  "hidden" : true,
  "retry" : true,
  "extra" : {
    "categories" : [ ],
    "tags" : [ ]
  },
  "source" : "81e2c4f3a92bf21c.json",
  "parameterValues" : [ "''", "''", "''" ]
}